# JRE version: Java(TM) SE Runtime Environment (8.0_211-b12) (build 1.8.0_211-b12)
# Java VM: Java HotSpot(TM) Client VM (25.211-b12 mixed mode windows-x86 )
Heap:
 def new generation   total 153024K, used 41560K [0x07c00000, 0x12200000, 0x126a0000)
  eden space 136064K,  30% used [0x07c00000, 0x0a496120, 0x100e0000)
  from space 16960K,   0% used [0x100e0000, 0x100e0000, 0x11170000)
  to   space 16960K,   0% used [0x11170000, 0x11170000, 0x12200000)
 tenured generation   total 339868K, used 112677K [0x126a0000, 0x27287000, 0x27c00000)
   the space 339868K,  33% used [0x126a0000, 0x194a94b8, 0x194a9600, 0x27287000)
 Metaspace       used 52978K, capacity 55013K, committed 55040K, reserved 55680K
GC Heap History (10 events):
Event: 25098.839 GC heap before
{Heap before GC invocations=429 (full 403):
 def new generation   total 153024K, used 1740K [0x07c00000, 0x12200000, 0x126a0000)
  eden space 136064K,   1% used [0x07c00000, 0x07db30b0, 0x100e0000)
  from space 16960K,   0% used [0x100e0000, 0x100e0000, 0x11170000)
  to   space 16960K,   0% used [0x11170000, 0x11170000, 0x12200000)
 tenured generation   total 339868K, used 113042K [0x126a0000, 0x27287000, 0x27c00000)
   the space 339868K,  33% used [0x126a0000, 0x19504a98, 0x19504c00, 0x27287000)
 Metaspace       used 52939K, capacity 54976K, committed 55040K, reserved 55680K
Event: 25099.122 GC heap after
Heap after GC invocations=430 (full 404):
 def new generation   total 153024K, used 0K [0x07c00000, 0x12200000, 0x126a0000)
  eden space 136064K,   0% used [0x07c00000, 0x07c00000, 0x100e0000)
  from space 16960K,   0% used [0x100e0000, 0x100e0000, 0x11170000)
  to   space 16960K,   0% used [0x11170000, 0x11170000, 0x12200000)
 tenured generation   total 339868K, used 112677K [0x126a0000, 0x27287000, 0x27c00000)
   the space 339868K,  33% used [0x126a0000, 0x194a95a8, 0x194a9600, 0x27287000)
 Metaspace       used 52939K, capacity 54976K, committed 55040K, reserved 55680K
}
Event: 25158.851 GC heap before
{Heap before GC invocations=430 (full 404):
 def new generation   total 153024K, used 1740K [0x07c00000, 0x12200000, 0x126a0000)
  eden space 136064K,   1% used [0x07c00000, 0x07db30b0, 0x100e0000)
  from space 16960K,   0% used [0x100e0000, 0x100e0000, 0x11170000)
  to   space 16960K,   0% used [0x11170000, 0x11170000, 0x12200000)
 tenured generation   total 339868K, used 112677K [0x126a0000, 0x27287000, 0x27c00000)
   the space 339868K,  33% used [0x126a0000, 0x194a95a8, 0x194a9600, 0x27287000)
 Metaspace       used 52939K, capacity 54976K, committed 55040K, reserved 55680K
Event: 25159.126 GC heap after
Heap after GC invocations=431 (full 405):
 def new generation   total 153024K, used 0K [0x07c00000, 0x12200000, 0x126a0000)
  eden space 136064K,   0% used [0x07c00000, 0x07c00000, 0x100e0000)
  from space 16960K,   0% used [0x100e0000, 0x100e0000, 0x11170000)
  to   space 16960K,   0% used [0x11170000, 0x11170000, 0x12200000)
 tenured generation   total 339868K, used 112677K [0x126a0000, 0x27287000, 0x27c00000)
   the space 339868K,  33% used [0x126a0000, 0x194a96a0, 0x194a9800, 0x27287000)
 Metaspace       used 52939K, capacity 54976K, committed 55040K, reserved 55680K
}
Event: 25218.858 GC heap before
{Heap before GC invocations=431 (full 405):
 def new generation   total 153024K, used 1740K [0x07c00000, 0x12200000, 0x126a0000)
  eden space 136064K,   1% used [0x07c00000, 0x07db30b0, 0x100e0000)
  from space 16960K,   0% used [0x100e0000, 0x100e0000, 0x11170000)
  to   space 16960K,   0% used [0x11170000, 0x11170000, 0x12200000)
 tenured generation   total 339868K, used 112677K [0x126a0000, 0x27287000, 0x27c00000)
   the space 339868K,  33% used [0x126a0000, 0x194a96a0, 0x194a9800, 0x27287000)
 Metaspace       used 52939K, capacity 54976K, committed 55040K, reserved 55680K
Event: 25219.135 GC heap after
Heap after GC invocations=432 (full 406):
 def new generation   total 153024K, used 0K [0x07c00000, 0x12200000, 0x126a0000)
  eden space 136064K,   0% used [0x07c00000, 0x07c00000, 0x100e0000)
  from space 16960K,   0% used [0x100e0000, 0x100e0000, 0x11170000)
  to   space 16960K,   0% used [0x11170000, 0x11170000, 0x12200000)
 tenured generation   total 339868K, used 112677K [0x126a0000, 0x27287000, 0x27c00000)
   the space 339868K,  33% used [0x126a0000, 0x194a9798, 0x194a9800, 0x27287000)
 Metaspace       used 52939K, capacity 54976K, committed 55040K, reserved 55680K
}
Event: 25278.864 GC heap before
{Heap before GC invocations=432 (full 406):
 def new generation   total 153024K, used 5453K [0x07c00000, 0x12200000, 0x126a0000)
  eden space 136064K,   4% used [0x07c00000, 0x08153418, 0x100e0000)
  from space 16960K,   0% used [0x100e0000, 0x100e0000, 0x11170000)
  to   space 16960K,   0% used [0x11170000, 0x11170000, 0x12200000)
 tenured generation   total 339868K, used 112677K [0x126a0000, 0x27287000, 0x27c00000)
   the space 339868K,  33% used [0x126a0000, 0x194a9798, 0x194a9800, 0x27287000)
 Metaspace       used 52939K, capacity 54976K, committed 55040K, reserved 55680K
Event: 25279.139 GC heap after
Heap after GC invocations=433 (full 407):
 def new generation   total 153024K, used 0K [0x07c00000, 0x12200000, 0x126a0000)
  eden space 136064K,   0% used [0x07c00000, 0x07c00000, 0x100e0000)
  from space 16960K,   0% used [0x100e0000, 0x100e0000, 0x11170000)
  to   space 16960K,   0% used [0x11170000, 0x11170000, 0x12200000)
 tenured generation   total 339868K, used 112998K [0x126a0000, 0x27287000, 0x27c00000)
   the space 339868K,  33% used [0x126a0000, 0x194f9ba0, 0x194f9c00, 0x27287000)
 Metaspace       used 52939K, capacity 54976K, committed 55040K, reserved 55680K
}
Event: 25338.881 GC heap before
{Heap before GC invocations=433 (full 407):
 def new generation   total 153024K, used 2128K [0x07c00000, 0x12200000, 0x126a0000)
  eden space 136064K,   1% used [0x07c00000, 0x07e143c8, 0x100e0000)
  from space 16960K,   0% used [0x100e0000, 0x100e0000, 0x11170000)
  to   space 16960K,   0% used [0x11170000, 0x11170000, 0x12200000)
 tenured generation   total 339868K, used 112998K [0x126a0000, 0x27287000, 0x27c00000)
   the space 339868K,  33% used [0x126a0000, 0x194f9ba0, 0x194f9c00, 0x27287000)
 Metaspace       used 52939K, capacity 54976K, committed 55040K, reserved 55680K
Event: 25339.164 GC heap after
Heap after GC invocations=434 (full 408):
 def new generation   total 153024K, used 0K [0x07c00000, 0x12200000, 0x126a0000)
  eden space 136064K,   0% used [0x07c00000, 0x07c00000, 0x100e0000)
  from space 16960K,   0% used [0x100e0000, 0x100e0000, 0x11170000)
  to   space 16960K,   0% used [0x11170000, 0x11170000, 0x12200000)
 tenured generation   total 339868K, used 112677K [0x126a0000, 0x27287000, 0x27c00000)
   the space 339868K,  33% used [0x126a0000, 0x194a94b8, 0x194a9600, 0x27287000)
 Metaspace       used 52939K, capacity 54976K, committed 55040K, reserved 55680K
}

